<?xml version="1.0" encoding="UTF-8"?>
<robot generator="Robot 5.0.1 (Python 3.10.4 on win32)" generated="20220714 00:31:06.357" rpa="false" schemaversion="3">
<suite id="s1" name="HTMLTABLE" source="C:\Users\00005629\PycharmProjects\AutomationSample\Automation\HTMLTABLE.robot">
<test id="s1-t1" name="Test_case_1" line="17">
<kw name="Lauch_browser" type="SETUP">
<kw name="Open Browser" library="SeleniumLibrary">
<arg>https://testautomationpractice.blogspot.com/</arg>
<arg>Chrome</arg>
<doc>Opens a new browser instance to the optional ``url``.</doc>
<msg timestamp="20220714 00:31:06.810" level="INFO">Opening browser 'Chrome' to base url 'https://testautomationpractice.blogspot.com/'.</msg>
<status status="PASS" starttime="20220714 00:31:06.810" endtime="20220714 00:31:17.003"/>
</kw>
<kw name="Maximize Browser Window" library="SeleniumLibrary">
<doc>Maximizes current browser window.</doc>
<status status="PASS" starttime="20220714 00:31:17.003" endtime="20220714 00:31:17.146"/>
</kw>
<kw name="Sleep" library="BuiltIn">
<arg>4</arg>
<doc>Pauses the test executed for the given time.</doc>
<msg timestamp="20220714 00:31:21.158" level="INFO">Slept 4 seconds</msg>
<status status="PASS" starttime="20220714 00:31:17.146" endtime="20220714 00:31:21.158"/>
</kw>
<status status="PASS" starttime="20220714 00:31:06.810" endtime="20220714 00:31:21.159"/>
</kw>
<kw name="Get Element Count" library="SeleniumLibrary">
<var>${rowcount}</var>
<arg>//table[@name='BookTable']/tbody/tr</arg>
<doc>Returns the number of elements matching ``locator``.</doc>
<msg timestamp="20220714 00:31:21.181" level="INFO">${rowcount} = 7</msg>
<status status="PASS" starttime="20220714 00:31:21.159" endtime="20220714 00:31:21.181"/>
</kw>
<kw name="Log To Console" library="BuiltIn">
<arg>${rowcount}</arg>
<doc>Logs the given message to the console.</doc>
<status status="PASS" starttime="20220714 00:31:21.182" endtime="20220714 00:31:21.183"/>
</kw>
<kw name="Close_Broswer" type="TEARDOWN">
<kw name="Close All Browsers" library="SeleniumLibrary">
<doc>Closes all open browsers and resets the browser cache.</doc>
<status status="PASS" starttime="20220714 00:31:21.185" endtime="20220714 00:31:23.942"/>
</kw>
<status status="PASS" starttime="20220714 00:31:21.184" endtime="20220714 00:31:23.942"/>
</kw>
<status status="PASS" starttime="20220714 00:31:06.808" endtime="20220714 00:31:23.944"/>
</test>
<status status="PASS" starttime="20220714 00:31:06.361" endtime="20220714 00:31:23.950"/>
</suite>
<statistics>
<total>
<stat pass="1" fail="0" skip="0">All Tests</stat>
</total>
<tag>
</tag>
<suite>
<stat pass="1" fail="0" skip="0" id="s1" name="HTMLTABLE">HTMLTABLE</stat>
</suite>
</statistics>
<errors>
</errors>
</robot>
