<?xml version="1.0" encoding="UTF-8"?>
<robot generator="Robot 5.0.1 (Python 3.10.4 on win32)" generated="20220710 21:55:58.230" rpa="false" schemaversion="3">
<suite id="s1" name="Ronotsample" source="C:\Users\00005629\PycharmProjects\AutomationSample\Automation\Ronotsample.robot">
<test id="s1-t1" name="Test_Case1" line="15">
<kw name="Open Browser" library="SeleniumLibrary">
<arg>${url}</arg>
<arg>${browser}</arg>
<doc>Opens a new browser instance to the optional ``url``.</doc>
<msg timestamp="20220710 21:55:58.674" level="INFO">Opening browser 'Chrome' to base url 'https://www.docker.com/'.</msg>
<status status="PASS" starttime="20220710 21:55:58.673" endtime="20220710 21:56:07.841"/>
</kw>
<kw name="Maximize Browser Window" library="SeleniumLibrary">
<doc>Maximizes current browser window.</doc>
<status status="PASS" starttime="20220710 21:56:07.844" endtime="20220710 21:56:08.032"/>
</kw>
<kw name="Wait Until Page Contains Element" library="SeleniumLibrary">
<arg>xpath://li[@class='logo']/a</arg>
<doc>Waits until the element ``locator`` appears on the current page.</doc>
<status status="PASS" starttime="20220710 21:56:08.033" endtime="20220710 21:56:08.095"/>
</kw>
<kw name="Wait Until Page Contains Element" library="SeleniumLibrary">
<arg>xpath:(//a[text()='Products'])[1]</arg>
<doc>Waits until the element ``locator`` appears on the current page.</doc>
<status status="PASS" starttime="20220710 21:56:08.096" endtime="20220710 21:56:08.121"/>
</kw>
<kw name="Wait Until Page Contains Element" library="SeleniumLibrary">
<arg>xpath:(//a[text()='Developers'])[1]</arg>
<doc>Waits until the element ``locator`` appears on the current page.</doc>
<status status="PASS" starttime="20220710 21:56:08.122" endtime="20220710 21:56:08.144"/>
</kw>
<kw name="Mouse Over" library="SeleniumLibrary">
<arg>xpath:(//a[text()='Developers'])[1]</arg>
<doc>Simulates hovering the mouse over the element ``locator``.</doc>
<msg timestamp="20220710 21:56:08.146" level="INFO">Simulating Mouse Over on element 'xpath:(//a[text()='Developers'])[1]'.</msg>
<status status="PASS" starttime="20220710 21:56:08.145" endtime="20220710 21:56:08.456"/>
</kw>
<kw name="Sleep" library="BuiltIn">
<arg>3</arg>
<doc>Pauses the test executed for the given time.</doc>
<msg timestamp="20220710 21:56:11.469" level="INFO">Slept 3 seconds</msg>
<status status="PASS" starttime="20220710 21:56:08.456" endtime="20220710 21:56:11.469"/>
</kw>
<kw name="Click Element" library="SeleniumLibrary">
<arg>xpath:(//a[text()='Getting started'])[1]</arg>
<doc>Click the element identified by ``locator``.</doc>
<msg timestamp="20220710 21:56:11.471" level="INFO">Clicking element 'xpath:(//a[text()='Getting started'])[1]'.</msg>
<status status="PASS" starttime="20220710 21:56:11.470" endtime="20220710 21:56:15.907"/>
</kw>
<kw name="Sleep" library="BuiltIn">
<arg>3</arg>
<doc>Pauses the test executed for the given time.</doc>
<msg timestamp="20220710 21:56:18.915" level="INFO">Slept 3 seconds</msg>
<status status="PASS" starttime="20220710 21:56:15.907" endtime="20220710 21:56:18.915"/>
</kw>
<kw name="Get Location" library="SeleniumLibrary">
<var>${newurl}</var>
<doc>Returns the current browser window URL.</doc>
<msg timestamp="20220710 21:56:18.928" level="INFO">${newurl} = https://www.docker.com/get-started/</msg>
<status status="PASS" starttime="20220710 21:56:18.916" endtime="20220710 21:56:18.928"/>
</kw>
<kw name="Log To Console" library="BuiltIn">
<arg>${newurl}</arg>
<doc>Logs the given message to the console.</doc>
<status status="PASS" starttime="20220710 21:56:18.929" endtime="20220710 21:56:18.929"/>
</kw>
<kw name="Should Be True" library="BuiltIn">
<arg>"""${presenturl}"""=="""${newurl}"""</arg>
<doc>Fails if the given condition is not true.</doc>
<status status="PASS" starttime="20220710 21:56:18.930" endtime="20220710 21:56:18.931"/>
</kw>
<kw name="Wait Until Page Contains" library="SeleniumLibrary">
<arg>Get Started with Docker</arg>
<doc>Waits until ``text`` appears on the current page.</doc>
<status status="PASS" starttime="20220710 21:56:18.932" endtime="20220710 21:56:18.957"/>
</kw>
<kw name="Go Back" library="SeleniumLibrary">
<doc>Simulates the user clicking the back button on their browser.</doc>
<status status="PASS" starttime="20220710 21:56:18.958" endtime="20220710 21:56:21.053"/>
</kw>
<kw name="Sleep" library="BuiltIn">
<arg>3</arg>
<doc>Pauses the test executed for the given time.</doc>
<msg timestamp="20220710 21:56:24.067" level="INFO">Slept 3 seconds</msg>
<status status="PASS" starttime="20220710 21:56:21.053" endtime="20220710 21:56:24.067"/>
</kw>
<kw name="Close All Browsers" library="SeleniumLibrary">
<doc>Closes all open browsers and resets the browser cache.</doc>
<status status="PASS" starttime="20220710 21:56:24.070" endtime="20220710 21:56:27.270"/>
</kw>
<status status="PASS" starttime="20220710 21:55:58.672" endtime="20220710 21:56:27.271"/>
</test>
<status status="PASS" starttime="20220710 21:55:58.234" endtime="20220710 21:56:27.272"/>
</suite>
<statistics>
<total>
<stat pass="1" fail="0" skip="0">All Tests</stat>
</total>
<tag>
</tag>
<suite>
<stat pass="1" fail="0" skip="0" id="s1" name="Ronotsample">Ronotsample</stat>
</suite>
</statistics>
<errors>
</errors>
</robot>
